[2025-10-13T07:42:32.399Z] [32minfo[39m: 🚀 Server running on port:500 and mod: Development
[2025-10-13T09:52:08.706Z] [32minfo[39m: 🚀 Server running on port:500 and mod: Development
[2025-10-13T09:55:24.745Z] [31merror[39m: Cannot read properties of undefined (reading 'service')
[2025-10-13T11:41:36.949Z] [32minfo[39m: 🚀 Server running on port:500 and mod: Development
[2025-10-13T11:41:53.416Z] [31merror[39m: Cannot read properties of undefined (reading 'service')
[2025-10-13T11:43:23.427Z] [32minfo[39m: 🚀 Server running on port:500 and mod: Development
[2025-10-13T11:43:30.816Z] [31merror[39m: Cannot read properties of undefined (reading 'service')
[2025-10-13T11:45:22.083Z] [32minfo[39m: 🚀 Server running on port:500 and mod: Development
[2025-10-13T11:45:37.369Z] [32minfo[39m: 🚀 Server running on port:500 and mod: Development
[2025-10-13T11:45:47.690Z] [31merror[39m: Cannot read properties of undefined (reading 'service')
[2025-10-13T11:46:23.211Z] [32minfo[39m: 🚀 Server running on port:500 and mod: Development
[2025-10-13T11:46:29.876Z] [31merror[39m: Cannot read properties of undefined (reading 'service')
[2025-10-13T11:47:14.065Z] [32minfo[39m: 🚀 Server running on port:500 and mod: Development
[2025-10-13T11:47:21.124Z] [31merror[39m: Cannot read properties of undefined (reading 'service')
[2025-10-13T11:49:14.337Z] [32minfo[39m: 🚀 Server running on port:500 and mod: Development
[2025-10-13T11:52:27.059Z] [32minfo[39m: 🚀 Server running on port:500 and mod: Development
[2025-10-13T11:55:15.272Z] [32minfo[39m: 🚀 Server running on port:500 and mod: Development
[2025-10-13T11:55:19.139Z] [32minfo[39m: 🚀 Server running on port:500 and mod: Development
[2025-10-13T11:55:31.192Z] [32minfo[39m: 🚀 Server running on port:500 and mod: Development
[2025-10-13T11:56:01.834Z] [32minfo[39m: 🚀 Server running on port:500 and mod: Development
[2025-10-13T11:58:59.344Z] [32minfo[39m: 🚀 Server running on port:500 and mod: Development
[2025-10-13T12:00:25.232Z] [32minfo[39m: 🚀 Server running on port:500 and mod: Development
[2025-10-13T12:02:53.644Z] [32minfo[39m: 🚀 Server running on port:500 and mod: Development
[2025-10-13T12:03:15.715Z] [32minfo[39m: 🚀 Server running on port:500 and mod: Development
[2025-10-13T12:03:23.196Z] [32minfo[39m: 🚀 Server running on port:500 and mod: Development
[2025-10-13T12:03:42.766Z] [32minfo[39m: 🚀 Server running on port:500 and mod: Development
[2025-10-13T12:03:52.212Z] [32minfo[39m: 🚀 Server running on port:500 and mod: Development
[2025-10-13T12:04:03.734Z] [32minfo[39m: 🚀 Server running on port:500 and mod: Development
[2025-10-13T12:04:12.869Z] [32minfo[39m: 🚀 Server running on port:500 and mod: Development
[2025-10-13T12:04:30.246Z] [32minfo[39m: 🚀 Server running on port:500 and mod: Development
[2025-10-13T12:05:37.773Z] [32minfo[39m: 🚀 Server running on port:500 and mod: Development
[2025-10-13T12:05:49.731Z] [32minfo[39m: 🚀 Server running on port:500 and mod: Development
[2025-10-13T12:06:31.937Z] [32minfo[39m: 🚀 Server running on port:500 and mod: Development
[2025-10-13T12:07:31.458Z] [32minfo[39m: 🚀 Server running on port:500 and mod: Development
[2025-10-13T12:07:42.634Z] [32minfo[39m: 🚀 Server running on port:500 and mod: Development
[2025-10-13T12:09:38.786Z] [32minfo[39m: 🚀 Server running on port:500 and mod: Development
[2025-10-13T13:17:14.428Z] [32minfo[39m: 🚀 Server running on port:500 and mod: Development
[2025-10-14T04:27:39.812Z] [32minfo[39m: 🚀 Server running on port:500 and mod: Development
[2025-10-14T04:28:54.466Z] [32minfo[39m: 🚀 Server running on port:500 and mod: Development
[2025-10-14T04:29:01.952Z] [31merror[39m: reponse is not defined
[2025-10-14T04:29:22.647Z] [32minfo[39m: 🚀 Server running on port:500 and mod: Development
[2025-10-14T04:30:20.931Z] [32minfo[39m: 🚀 Server running on port:500 and mod: Development
[2025-10-14T04:30:36.469Z] [31merror[39m: reponse is not defined
[2025-10-14T04:30:53.354Z] [32minfo[39m: 🚀 Server running on port:500 and mod: Development
[2025-10-14T04:30:59.260Z] [31merror[39m: reponse is not defined
[2025-10-14T04:31:22.975Z] [32minfo[39m: 🚀 Server running on port:500 and mod: Development
[2025-10-14T04:36:34.995Z] [32minfo[39m: 🚀 Server running on port:500 and mod: Development
[2025-10-14T04:37:03.923Z] [32minfo[39m: 🚀 Server running on port:500 and mod: Development
[2025-10-14T04:37:13.656Z] [32minfo[39m: 🚀 Server running on port:500 and mod: Development
[2025-10-14T04:37:32.964Z] [32minfo[39m: 🚀 Server running on port:500 and mod: Development
[2025-10-14T04:37:41.374Z] [32minfo[39m: 🚀 Server running on port:500 and mod: Development
[2025-10-14T04:39:00.337Z] [32minfo[39m: 🚀 Server running on port:500 and mod: Development
[2025-10-14T04:39:49.675Z] [32minfo[39m: 🚀 Server running on port:500 and mod: Development
[2025-10-14T04:40:02.601Z] [32minfo[39m: 🚀 Server running on port:500 and mod: Development
[2025-10-14T04:40:13.577Z] [32minfo[39m: 🚀 Server running on port:500 and mod: Development
[2025-10-14T04:41:20.211Z] [32minfo[39m: 🚀 Server running on port:500 and mod: Development
[2025-10-14T04:41:24.776Z] [32minfo[39m: 🚀 Server running on port:500 and mod: Development
[2025-10-14T04:41:32.390Z] [32minfo[39m: 🚀 Server running on port:500 and mod: Development
[2025-10-14T05:57:32.364Z] [32minfo[39m: 🚀 Server running on port:500 and mod: Development
[2025-10-14T05:57:38.448Z] [32minfo[39m: 🚀 Server running on port:500 and mod: Development
[2025-10-14T05:57:44.118Z] [32minfo[39m: 🚀 Server running on port:500 and mod: Development
[2025-10-14T05:57:44.865Z] [32minfo[39m: 🚀 Server running on port:500 and mod: Development
[2025-10-14T06:02:19.453Z] [32minfo[39m: 🚀 Server running on port:500 and mod: Development
[2025-10-14T06:02:24.800Z] [32minfo[39m: 🚀 Server running on port:500 and mod: Development
[2025-10-14T06:03:22.633Z] [32minfo[39m: 🚀 Server running on port:500 and mod: Development
[2025-10-14T06:04:08.852Z] [31merror[39m: 
Invalid `this.client?.create()` invocation in
D:\projects\E-cafe\back-end\src\services\base.service.ts:28:31

  25 }
  26 
  27 async create(data: any) {
→ 28   return await this.client?.create({
       + data: UsersCreateInput | UsersUncheckedCreateInput
       })

Argument `data` is missing.
[2025-10-14T06:04:08.854Z] [31merror[39m: Failed to create record
[2025-10-14T06:06:03.305Z] [32minfo[39m: 🚀 Server running on port:500 and mod: Development
[2025-10-14T06:09:34.362Z] [32minfo[39m: 🚀 Server running on port:500 and mod: Development
[2025-10-14T06:09:41.195Z] [32minfo[39m: 🚀 Server running on port:500 and mod: Development
[2025-10-14T06:09:52.610Z] [32minfo[39m: 🚀 Server running on port:500 and mod: Development
[2025-10-14T06:09:54.620Z] [32minfo[39m: 🚀 Server running on port:500 and mod: Development
[2025-10-14T06:11:53.966Z] [32minfo[39m: 🚀 Server running on port:500 and mod: Development
[2025-10-14T06:12:01.802Z] [31merror[39m: [
  {
    "code": "invalid_type",
    "expected": "object",
    "received": "undefined",
    "path": [],
    "message": "Required"
  }
]
[2025-10-14T06:13:01.673Z] [31merror[39m: [
  {
    "code": "invalid_type",
    "expected": "object",
    "received": "undefined",
    "path": [],
    "message": "Required"
  }
]
[2025-10-14T06:14:32.462Z] [32minfo[39m: 🚀 Server running on port:500 and mod: Development
[2025-10-14T06:14:38.678Z] [31merror[39m: [
  {
    "code": "invalid_type",
    "expected": "object",
    "received": "undefined",
    "path": [],
    "message": "Required"
  }
]
[2025-10-14T06:15:35.111Z] [32minfo[39m: 🚀 Server running on port:500 and mod: Development
[2025-10-14T06:15:43.998Z] [32minfo[39m: 🚀 Server running on port:500 and mod: Development
[2025-10-14T06:15:52.643Z] [31merror[39m: [
  {
    "code": "invalid_type",
    "expected": "object",
    "received": "undefined",
    "path": [],
    "message": "Required"
  }
]
[2025-10-14T06:16:56.383Z] [31merror[39m: [
  {
    "code": "invalid_type",
    "expected": "object",
    "received": "undefined",
    "path": [],
    "message": "Required"
  }
]
[2025-10-14T06:18:00.103Z] [32minfo[39m: 🚀 Server running on port:500 and mod: Development
[2025-10-14T06:18:06.499Z] [32minfo[39m: 🚀 Server running on port:500 and mod: Development
[2025-10-14T06:18:23.039Z] [31merror[39m: [
  {
    "code": "invalid_type",
    "expected": "object",
    "received": "undefined",
    "path": [],
    "message": "Required"
  }
]
[2025-10-14T06:43:34.126Z] [31merror[39m: [
  {
    "code": "invalid_type",
    "expected": "object",
    "received": "undefined",
    "path": [],
    "message": "Required"
  }
]
[2025-10-14T07:06:52.293Z] [32minfo[39m: 🚀 Server running on port:500 and mod: Development
[2025-10-14T07:11:52.453Z] [32minfo[39m: 🚀 Server running on port:500 and mod: Development
[2025-10-14T07:25:48.459Z] [31merror[39m: 
Invalid `this.client?.create()` invocation in
D:\projects\E-cafe\back-end\src\services\base.service.ts:28:31

  25 }
  26 
  27 async create(data: any) {
→ 28   return await this.client?.create({
         data: {
           order_list_id: 1,
           item_id: 1,
           quantity: 2,
           ~~~~~~~~
       ?   id?: Int,
       ?   createdAt?: DateTime,
       ?   updatedAt?: DateTime
         }
       })

Unknown argument `quantity`. Available options are marked with ?.
[2025-10-14T07:25:48.461Z] [31merror[39m: Failed to create record
[2025-10-14T07:29:01.815Z] [32minfo[39m: 🚀 Server running on port:500 and mod: Development
[2025-10-14T07:30:21.401Z] [31merror[39m: 
Invalid `this.client?.create()` invocation in
D:\projects\E-cafe\back-end\src\services\base.service.ts:28:31

  25 }
  26 
  27 async create(data: any) {
→ 28   return await this.client?.create({
         data: {
           user_id: 1,
           order_list_id: 1,
           total_price: 500,
           status: "PENDING",
       +   order_id: String
         }
       })

Argument `order_id` is missing.
[2025-10-14T07:30:21.403Z] [31merror[39m: Failed to create record
[2025-10-14T07:31:53.987Z] [32minfo[39m: 🚀 Server running on port:500 and mod: Development
[2025-10-14T07:31:56.075Z] [31merror[39m: 
Invalid `this.client?.create()` invocation in
D:\projects\E-cafe\back-end\src\services\base.service.ts:28:31

  25 }
  26 
  27 async create(data: any) {
→ 28   return await this.client?.create({
         data: {
           user_id: 1,
           order_list_id: 1,
           total_price: 500,
           status: "PENDING",
       +   order_id: String
         }
       })

Argument `order_id` is missing.
[2025-10-14T07:31:56.078Z] [31merror[39m: Failed to create record
[2025-10-14T07:36:56.182Z] [32minfo[39m: 🚀 Server running on port:500 and mod: Development
[2025-10-14T07:41:57.182Z] [32minfo[39m: 🚀 Server running on port:500 and mod: Development
[2025-10-14T07:46:00.646Z] [31merror[39m: 
Invalid `this.client?.create()` invocation in
D:\projects\E-cafe\back-end\src\services\base.service.ts:28:31

  25 }
  26 
  27 async create(data: any) {
→ 28   return await this.client?.create({
         data: {
           user_id: 1,
           order_list_id: 1,
           total_price: 500,
           status: "PENDING",
       +   order_id: String
         }
       })

Argument `order_id` is missing.
[2025-10-14T07:46:00.648Z] [31merror[39m: Failed to create record
[2025-10-14T07:47:14.491Z] [32minfo[39m: 🚀 Server running on port:500 and mod: Development
[2025-10-14T07:47:15.358Z] [32minfo[39m: 🚀 Server running on port:500 and mod: Development
[2025-10-14T07:47:28.763Z] [32minfo[39m: 🚀 Server running on port:500 and mod: Development
[2025-10-14T07:47:45.677Z] [32minfo[39m: 🚀 Server running on port:500 and mod: Development
[2025-10-14T07:48:00.453Z] [32minfo[39m: 🚀 Server running on port:500 and mod: Development
[2025-10-14T07:48:15.774Z] [32minfo[39m: 🚀 Server running on port:500 and mod: Development
[2025-10-14T07:48:30.025Z] [32minfo[39m: 🚀 Server running on port:500 and mod: Development
[2025-10-14T07:48:37.935Z] [32minfo[39m: 🚀 Server running on port:500 and mod: Development
[2025-10-14T07:48:49.583Z] [31merror[39m: 
Invalid `this.client?.create()` invocation in
D:\projects\E-cafe\back-end\src\services\base.service.ts:28:31

  25 }
  26 
  27 async create(data: any) {
→ 28   return await this.client?.create({
         data: {
           user_id: 1,
           order_list_id: 1,
           total_price: 500,
           status: "PENDING",
       +   order_id: String
         }
       })

Argument `order_id` is missing.
[2025-10-14T07:48:49.583Z] [31merror[39m: 
Invalid `this.client?.create()` invocation in
D:\projects\E-cafe\back-end\src\services\base.service.ts:28:31

  25 }
  26 
  27 async create(data: any) {
→ 28   return await this.client?.create({
         data: {
           user_id: 1,
           order_list_id: 1,
           total_price: 500,
           status: "PENDING",
       +   order_id: String
         }
       })

Argument `order_id` is missing.
[2025-10-14T07:53:09.743Z] [32minfo[39m: 🚀 Server running on port:500 and mod: Development
[2025-10-14T07:53:14.244Z] [32minfo[39m: 🚀 Server running on port:500 and mod: Development
[2025-10-14T07:53:21.838Z] [31merror[39m: 
Invalid `this.client?.create()` invocation in
D:\projects\E-cafe\back-end\src\services\base.service.ts:28:31

  25 }
  26 
  27 async create(data: any) {
→ 28   return await this.client?.create({
         data: {
           user_id: 1,
           order_list_id: 1,
           total_price: 500,
           status: "PENDING",
       +   order_id: String
         }
       })

Argument `order_id` is missing.
[2025-10-14T07:53:21.838Z] [31merror[39m: 
Invalid `this.client?.create()` invocation in
D:\projects\E-cafe\back-end\src\services\base.service.ts:28:31

  25 }
  26 
  27 async create(data: any) {
→ 28   return await this.client?.create({
         data: {
           user_id: 1,
           order_list_id: 1,
           total_price: 500,
           status: "PENDING",
       +   order_id: String
         }
       })

Argument `order_id` is missing.
[2025-10-14T07:53:41.816Z] [32minfo[39m: 🚀 Server running on port:500 and mod: Development
[2025-10-14T07:53:46.020Z] [31merror[39m: 
Invalid `this.client?.create()` invocation in
D:\projects\E-cafe\back-end\src\services\base.service.ts:28:31

  25 }
  26 
  27 async create(data: any) {
→ 28   return await this.client?.create({
         data: {
           user_id: 1,
           order_list_id: 1,
           total_price: 500,
           status: "PENDING",
       +   order_id: String
         }
       })

Argument `order_id` is missing.
[2025-10-14T07:53:46.020Z] [31merror[39m: 
Invalid `this.client?.create()` invocation in
D:\projects\E-cafe\back-end\src\services\base.service.ts:28:31

  25 }
  26 
  27 async create(data: any) {
→ 28   return await this.client?.create({
         data: {
           user_id: 1,
           order_list_id: 1,
           total_price: 500,
           status: "PENDING",
       +   order_id: String
         }
       })

Argument `order_id` is missing.
[2025-10-14T08:05:50.562Z] [32minfo[39m: 🚀 Server running on port:500 and mod: Development
[2025-10-14T08:05:59.014Z] [31merror[39m: 
Invalid `this.client?.create()` invocation in
D:\projects\E-cafe\back-end\src\services\base.service.ts:28:31

  25 }
  26 
  27 async create(data: any) {
→ 28   return await this.client?.create({
         data: {
           user_id: 1,
           order_list_id: 1,
           total_price: 500,
           status: "PENDING",
       +   order_id: String
         }
       })

Argument `order_id` is missing.
[2025-10-14T08:05:59.014Z] [31merror[39m: 
Invalid `this.client?.create()` invocation in
D:\projects\E-cafe\back-end\src\services\base.service.ts:28:31

  25 }
  26 
  27 async create(data: any) {
→ 28   return await this.client?.create({
         data: {
           user_id: 1,
           order_list_id: 1,
           total_price: 500,
           status: "PENDING",
       +   order_id: String
         }
       })

Argument `order_id` is missing.
[2025-10-14T08:06:38.704Z] [32minfo[39m: 🚀 Server running on port:500 and mod: Development
[2025-10-14T08:07:36.293Z] [32minfo[39m: 🚀 Server running on port:500 and mod: Development
[2025-10-14T08:07:46.591Z] [32minfo[39m: 🚀 Server running on port:500 and mod: Development
[2025-10-14T08:07:49.363Z] [32minfo[39m: 🚀 Server running on port:500 and mod: Development
[2025-10-14T08:08:12.772Z] [32minfo[39m: 🚀 Server running on port:500 and mod: Development
[2025-10-14T08:08:23.962Z] [31merror[39m: 
Invalid `this.client?.create()` invocation in
D:\projects\E-cafe\back-end\src\services\base.service.ts:29:33

  26 
  27 async create(data: any) {
  28   try {
→ 29     return await this.client?.create({
           data: {
             user_id: 1,
             order_list_id: 1,
             total_price: 500,
             status: "PENDING",
         +   order_id: String
           }
         })

Argument `order_id` is missing.
[2025-10-14T08:08:23.962Z] [31merror[39m: 
Invalid `this.client?.create()` invocation in
D:\projects\E-cafe\back-end\src\services\base.service.ts:29:33

  26 
  27 async create(data: any) {
  28   try {
→ 29     return await this.client?.create({
           data: {
             user_id: 1,
             order_list_id: 1,
             total_price: 500,
             status: "PENDING",
         +   order_id: String
           }
         })

Argument `order_id` is missing.
[2025-10-14T08:10:09.684Z] [32minfo[39m: 🚀 Server running on port:500 and mod: Development
[2025-10-14T08:10:17.754Z] [31merror[39m: 
Invalid `this.client?.create()` invocation in
D:\projects\E-cafe\back-end\src\services\base.service.ts:29:33

  26 
  27 async create(data: any) {
  28   try {
→ 29     return await this.client?.create({
           data: {
             user_id: 1,
             order_list_id: 1,
             total_price: 500,
             status: "PENDING",
         +   order_id: String
           }
         })

Argument `order_id` is missing.
[2025-10-14T08:10:17.754Z] [31merror[39m: 
Invalid `this.client?.create()` invocation in
D:\projects\E-cafe\back-end\src\services\base.service.ts:29:33

  26 
  27 async create(data: any) {
  28   try {
→ 29     return await this.client?.create({
           data: {
             user_id: 1,
             order_list_id: 1,
             total_price: 500,
             status: "PENDING",
         +   order_id: String
           }
         })

Argument `order_id` is missing.
[2025-10-14T08:11:24.939Z] [32minfo[39m: 🚀 Server running on port:500 and mod: Development
[2025-10-14T08:11:28.882Z] [32minfo[39m: 🚀 Server running on port:500 and mod: Development
[2025-10-14T10:13:55.498Z] [32minfo[39m: 🚀 Server running on port:500 and mod: Development
[2025-10-14T10:14:02.274Z] [32minfo[39m: 🚀 Server running on port:500 and mod: Development
[2025-10-14T10:14:54.677Z] [31merror[39m: 
Invalid `this.client?.create()` invocation in
D:\projects\E-cafe\back-end\src\services\base.service.ts:28:31

  25 }
  26 
  27 async create(data: any) {
→ 28   return await this.client?.create({
         data: {
           user_id: 1,
           order_list_id: 1,
           total_price: 500,
           status: "PENDING",
       +   order_id: String
         }
       })

Argument `order_id` is missing.
[2025-10-14T10:14:54.677Z] [31merror[39m: 
Invalid `this.client?.create()` invocation in
D:\projects\E-cafe\back-end\src\services\base.service.ts:28:31

  25 }
  26 
  27 async create(data: any) {
→ 28   return await this.client?.create({
         data: {
           user_id: 1,
           order_list_id: 1,
           total_price: 500,
           status: "PENDING",
       +   order_id: String
         }
       })

Argument `order_id` is missing.
[2025-10-14T10:18:12.292Z] [32minfo[39m: 🚀 Server running on port:500 and mod: Development
[2025-10-14T10:18:24.652Z] [31merror[39m: Validation error during create: 
Invalid `this.client?.create()` invocation in
D:\projects\E-cafe\back-end\src\services\base.service.ts:85:33

  82 
  83 async create(data: any) {
  84   try {
→ 85     return await this.client?.create({
           data: {
             user_id: 1,
             order_list_id: 1,
             total_price: 500,
             status: "PENDING",
         +   order_id: String
           }
         })

Argument `order_id` is missing.
[2025-10-14T10:18:24.654Z] [31merror[39m: Invalid data format for database operation.
[2025-10-14T10:18:24.654Z] [31merror[39m: Invalid data format for database operation.
[2025-10-14T10:24:02.192Z] [32minfo[39m: 🚀 Server running on port:500 and mod: Development
[2025-10-14T10:24:15.066Z] [31merror[39m: Validation error during create: 
Invalid `this.client?.create()` invocation in
D:\projects\E-cafe\back-end\src\services\base.service.ts:85:33

  82 
  83 async create(data: any) {
  84   try {
→ 85     return await this.client?.create({
           data: {
             user_id: 1,
             order_list_id: 1,
             total_price: 500,
             status: "PENDING",
         +   order_id: String
           }
         })

Argument `order_id` is missing.
[2025-10-14T10:24:15.068Z] [31merror[39m: Invalid data format for database operation.
[2025-10-14T10:24:15.068Z] [31merror[39m: Invalid data format for database operation.
[2025-10-14T10:25:57.424Z] [32minfo[39m: 🚀 Server running on port:500 and mod: Development
[2025-10-14T10:26:19.339Z] [32minfo[39m: 🚀 Server running on port:500 and mod: Development
[2025-10-14T10:26:23.631Z] [32minfo[39m: 🚀 Server running on port:500 and mod: Development
[2025-10-14T10:26:24.763Z] [32minfo[39m: 🚀 Server running on port:500 and mod: Development
[2025-10-14T10:27:11.859Z] [32minfo[39m: 🚀 Server running on port:500 and mod: Development
[2025-10-14T10:27:17.929Z] [32minfo[39m: 🚀 Server running on port:500 and mod: Development
[2025-10-14T10:27:59.891Z] [32minfo[39m: 🚀 Server running on port:500 and mod: Development
[2025-10-14T10:28:05.548Z] [32minfo[39m: 🚀 Server running on port:500 and mod: Development
[2025-10-14T10:28:27.745Z] [32minfo[39m: 🚀 Server running on port:500 and mod: Development
[2025-10-14T10:28:46.067Z] [32minfo[39m: 🚀 Server running on port:500 and mod: Development
[2025-10-14T10:28:49.639Z] [32minfo[39m: 🚀 Server running on port:500 and mod: Development
[2025-10-14T10:29:18.633Z] [32minfo[39m: 🚀 Server running on port:500 and mod: Development
[2025-10-14T10:29:37.232Z] [32minfo[39m: 🚀 Server running on port:500 and mod: Development
[2025-10-14T10:29:38.490Z] [32minfo[39m: 🚀 Server running on port:500 and mod: Development
[2025-10-14T10:29:42.978Z] [32minfo[39m: 🚀 Server running on port:500 and mod: Development
[2025-10-14T10:30:42.317Z] [32minfo[39m: 🚀 Server running on port:500 and mod: Development
[2025-10-14T10:30:47.221Z] [32minfo[39m: 🚀 Server running on port:500 and mod: Development
[2025-10-14T10:31:29.378Z] [32minfo[39m: 🚀 Server running on port:500 and mod: Development
[2025-10-14T10:31:33.329Z] [32minfo[39m: 🚀 Server running on port:500 and mod: Development
[2025-10-14T10:31:38.309Z] [32minfo[39m: 🚀 Server running on port:500 and mod: Development
[2025-10-14T10:32:18.160Z] [31merror[39m: [
  {
    "code": "invalid_union",
    "unionErrors": [
      {
        "issues": [
          {
            "code": "invalid_type",
            "expected": "string",
            "received": "undefined",
            "path": [
              "order_id"
            ],
            "message": "Required"
          }
        ],
        "name": "ZodError"
      },
      {
        "issues": [
          {
            "code": "invalid_type",
            "expected": "string",
            "received": "undefined",
            "path": [
              "order_id"
            ],
            "message": "Required"
          }
        ],
        "name": "ZodError"
      }
    ],
    "path": [
      "order_id"
    ],
    "message": "Invalid input"
  },
  {
    "received": "PENDING",
    "code": "invalid_enum_value",
    "options": [
      "PANDING",
      "ORDER PLACED",
      "PROCESSING",
      "DELIVARED"
    ],
    "path": [
      "status"
    ],
    "message": "Invalid enum value. Expected 'PANDING' | 'ORDER PLACED' | 'PROCESSING' | 'DELIVARED', received 'PENDING'"
  }
]
[2025-10-14T10:33:17.214Z] [31merror[39m: [
  {
    "code": "invalid_union",
    "unionErrors": [
      {
        "issues": [
          {
            "code": "invalid_type",
            "expected": "string",
            "received": "undefined",
            "path": [
              "order_id"
            ],
            "message": "Required"
          }
        ],
        "name": "ZodError"
      },
      {
        "issues": [
          {
            "code": "invalid_type",
            "expected": "string",
            "received": "undefined",
            "path": [
              "order_id"
            ],
            "message": "Required"
          }
        ],
        "name": "ZodError"
      }
    ],
    "path": [
      "order_id"
    ],
    "message": "Invalid input"
  }
]
[2025-10-14T10:34:03.006Z] [31merror[39m: Validation error during create: 
Invalid `this.client?.create()` invocation in
D:\projects\E-cafe\back-end\src\services\base.service.ts:85:33

  82 
  83 async create(data: any) {
  84   try {
→ 85     return await this.client?.create({
           data: {
             order_id: "ord-11500",
             order_list_id: 1,
             user_id: 1,
             status: "PANDING",
         +   total_price: Int
           }
         })

Argument `total_price` is missing.
[2025-10-14T10:34:03.009Z] [31merror[39m: Invalid data format for database operation.
[2025-10-14T10:34:03.009Z] [31merror[39m: Invalid data format for database operation.
[2025-10-14T10:34:14.063Z] [31merror[39m: Validation error during create: 
Invalid `this.client?.create()` invocation in
D:\projects\E-cafe\back-end\src\services\base.service.ts:85:33

  82 
  83 async create(data: any) {
  84   try {
→ 85     return await this.client?.create({
           data: {
             order_id: "ord-11501",
             order_list_id: 1,
             user_id: 1,
             status: "PANDING",
         +   total_price: Int
           }
         })

Argument `total_price` is missing.
[2025-10-14T10:34:14.065Z] [31merror[39m: Invalid data format for database operation.
[2025-10-14T10:34:14.065Z] [31merror[39m: Invalid data format for database operation.
[2025-10-14T10:35:12.862Z] [31merror[39m: Validation error during create: 
Invalid `this.client?.create()` invocation in
D:\projects\E-cafe\back-end\src\services\base.service.ts:85:33

  82 
  83 async create(data: any) {
  84   try {
→ 85     return await this.client?.create({
           data: {
             order_id: "ord-11501",
             order_list_id: 1,
             user_id: 1,
             status: "PANDING",
         +   total_price: Int
           }
         })

Argument `total_price` is missing.
[2025-10-14T10:35:12.864Z] [31merror[39m: Invalid data format for database operation.
[2025-10-14T10:35:12.864Z] [31merror[39m: Invalid data format for database operation.
[2025-10-14T10:35:34.046Z] [31merror[39m: Validation error during create: 
Invalid `this.client?.create()` invocation in
D:\projects\E-cafe\back-end\src\services\base.service.ts:85:33

  82 
  83 async create(data: any) {
  84   try {
→ 85     return await this.client?.create({
           data: {
             order_id: "ord-11501",
             order_list_id: 1,
             user_id: 1,
             status: "PANDING",
         +   total_price: Int
           }
         })

Argument `total_price` is missing.
[2025-10-14T10:35:34.048Z] [31merror[39m: Invalid data format for database operation.
[2025-10-14T10:35:34.048Z] [31merror[39m: Invalid data format for database operation.
[2025-10-14T10:36:30.265Z] [32minfo[39m: 🚀 Server running on port:500 and mod: Development
[2025-10-14T10:36:33.655Z] [32minfo[39m: 🚀 Server running on port:500 and mod: Development
[2025-10-14T10:36:39.865Z] [31merror[39m: Validation error during create: 
Invalid `this.client?.create()` invocation in
D:\projects\E-cafe\back-end\src\services\base.service.ts:86:33

  83 async create(data: any) {
  84   console.log("first",data)
  85   try {
→ 86     return await this.client?.create({
           data: {
             order_id: "ord-11501",
             order_list_id: 1,
             user_id: 1,
             status: "PANDING",
         +   total_price: Int
           }
         })

Argument `total_price` is missing.
[2025-10-14T10:36:39.866Z] [31merror[39m: Invalid data format for database operation.
[2025-10-14T10:36:39.866Z] [31merror[39m: Invalid data format for database operation.
[2025-10-14T10:37:19.534Z] [32minfo[39m: 🚀 Server running on port:500 and mod: Development
[2025-10-14T10:37:27.583Z] [32minfo[39m: 🚀 Server running on port:500 and mod: Development
[2025-10-14T10:38:25.015Z] [32minfo[39m: 🚀 Server running on port:500 and mod: Development
[2025-10-14T10:38:27.595Z] [32minfo[39m: 🚀 Server running on port:500 and mod: Development
[2025-10-14T10:38:44.864Z] [32minfo[39m: 🚀 Server running on port:500 and mod: Development
[2025-10-14T10:38:56.682Z] [31merror[39m: [
  {
    "received": "PANDING",
    "code": "invalid_enum_value",
    "options": [
      "PENDING",
      "ORDER PLACED",
      "PROCESSING",
      "DELIVARED"
    ],
    "path": [
      "status"
    ],
    "message": "Invalid enum value. Expected 'PENDING' | 'ORDER PLACED' | 'PROCESSING' | 'DELIVARED', received 'PANDING'"
  },
  {
    "code": "invalid_type",
    "expected": "number",
    "received": "undefined",
    "path": [
      "totla_price"
    ],
    "message": "Required"
  }
]
[2025-10-14T10:39:23.780Z] [32minfo[39m: 🚀 Server running on port:500 and mod: Development
[2025-10-14T10:39:44.508Z] [31merror[39m: [
  {
    "received": "PANDING",
    "code": "invalid_enum_value",
    "options": [
      "PENDING",
      "ORDER PLACED",
      "PROCESSING",
      "DELIVARED"
    ],
    "path": [
      "status"
    ],
    "message": "Invalid enum value. Expected 'PENDING' | 'ORDER PLACED' | 'PROCESSING' | 'DELIVARED', received 'PANDING'"
  }
]
[2025-10-14T10:40:27.998Z] [32minfo[39m: 🚀 Server running on port:500 and mod: Development
[2025-10-14T10:41:57.461Z] [32minfo[39m: 🚀 Server running on port:500 and mod: Development
[2025-10-14T10:42:45.919Z] [32minfo[39m: 🚀 Server running on port:500 and mod: Development
[2025-10-14T10:42:51.261Z] [32minfo[39m: 🚀 Server running on port:500 and mod: Development
[2025-10-14T14:36:45.085Z] [32minfo[39m: 🚀 Server running on port:500 and mod: Development
[2025-10-14T14:36:52.382Z] [32minfo[39m: 🚀 Server running on port:500 and mod: Development
[2025-10-14T14:37:02.759Z] [32minfo[39m: 🚀 Server running on port:500 and mod: Development
[2025-10-14T14:39:55.606Z] [32minfo[39m: 🚀 Server running on port:500 and mod: Development
[2025-10-14T14:40:07.858Z] [32minfo[39m: 🚀 Server running on port:500 and mod: Development
[2025-10-14T14:41:59.776Z] [32minfo[39m: 🚀 Server running on port:500 and mod: Development
[2025-10-14T14:42:23.233Z] [31merror[39m: Validation error during findAll: 
Invalid `this.client?.findMany()` invocation in
D:\projects\E-cafe\back-end\src\services\base.service.ts:69:33

  66 
  67 async findAll(where = {}, include = this.include) {
  68   try {
→ 69     return await this.client?.findMany({
           where: {},
           include: {
             user: true,
             order_list: {
               ListItems: true
               ~~~~~~~~~
             }
           }
         })

Unknown argument `ListItems`.
[2025-10-14T14:42:23.234Z] [31merror[39m: Invalid data format for database operation.
[2025-10-14T14:42:23.234Z] [31merror[39m: Invalid data format for database operation.
[2025-10-14T14:43:22.654Z] [32minfo[39m: 🚀 Server running on port:500 and mod: Development
[2025-10-14T14:43:33.738Z] [32minfo[39m: 🚀 Server running on port:500 and mod: Development
[2025-10-14T14:43:42.119Z] [31merror[39m: Validation error during findAll: 
Invalid `this.client?.findMany()` invocation in
D:\projects\E-cafe\back-end\src\services\base.service.ts:69:33

  66 
  67 async findAll(where = {}, include = this.include) {
  68   try {
→ 69     return await this.client?.findMany({
           where: {},
           include: {
             user: true,
             order_list: {
               ListItems: true
               ~~~~~~~~~
             }
           }
         })

Unknown argument `ListItems`.
[2025-10-14T14:43:42.120Z] [31merror[39m: Invalid data format for database operation.
[2025-10-14T14:43:42.120Z] [31merror[39m: Invalid data format for database operation.
[2025-10-14T14:46:17.848Z] [32minfo[39m: 🚀 Server running on port:500 and mod: Development
[2025-10-14T14:47:29.875Z] [32minfo[39m: 🚀 Server running on port:500 and mod: Development
[2025-10-14T14:47:36.121Z] [32minfo[39m: 🚀 Server running on port:500 and mod: Development
[2025-10-15T05:34:58.149Z] [32minfo[39m: 🚀 Server running on port:500 and mod: Development
[2025-10-15T05:35:10.795Z] [31merror[39m: Database initialization error: 
Invalid `this.client?.create()` invocation in
D:\projects\E-cafe\back-end\src\services\base.service.ts:88:33

  85 
  86 async create<T>(data: T) {
  87   try {
→ 88     return await this.client?.create(
Can't reach database server at `localhost:5432`

Please make sure your database server is running at `localhost:5432`.
[2025-10-15T05:35:10.797Z] [31merror[39m: Database connection failed.
[2025-10-15T05:35:10.797Z] [31merror[39m: Database connection failed.
[2025-10-15T06:11:01.168Z] [32minfo[39m: 🚀 Server running on port:500 and mod: Development
[2025-10-15T06:11:08.059Z] [32minfo[39m: 🚀 Server running on port:500 and mod: Development
[2025-10-15T06:28:17.301Z] [32minfo[39m: 🚀 Server running on port:500 and mod: development
[2025-10-15T06:28:18.830Z] [32minfo[39m: 🔗 Ngrok tunnel established at: https://weldon-blousier-vance.ngrok-free.dev
[2025-10-15T07:11:37.438Z] [32minfo[39m: 🚀 Server running on port:500 and mod: development
[2025-10-15T07:12:32.867Z] [32minfo[39m: 🚀 Server running on port:500 and mod: development
[2025-10-15T07:12:33.771Z] [32minfo[39m: 🔗 Ngrok tunnel established at: https://weldon-blousier-vance.ngrok-free.dev
[2025-10-15T07:15:20.234Z] [32minfo[39m: 🚀 Server running on port:500 and mod: development
[2025-10-15T07:15:21.693Z] [32minfo[39m: 🔗 Ngrok tunnel established at: https://weldon-blousier-vance.ngrok-free.dev
[2025-10-15T08:27:10.710Z] [32minfo[39m: 🚀 Server running on port:500 and mod: development
[2025-10-15T08:27:11.894Z] [32minfo[39m: 🚀 Server running on port:500 and mod: development
[2025-10-15T08:27:13.258Z] [32minfo[39m: 🔗 Ngrok tunnel established at: https://weldon-blousier-vance.ngrok-free.dev
[2025-10-15T08:27:24.412Z] [32minfo[39m: 🚀 Server running on port:500 and mod: development
[2025-10-15T08:27:25.854Z] [32minfo[39m: 🔗 Ngrok tunnel established at: https://weldon-blousier-vance.ngrok-free.dev
[2025-10-15T08:33:05.748Z] [32minfo[39m: 🚀 Server running on port:500 and mod: development
[2025-10-15T08:33:07.056Z] [32minfo[39m: 🔗 Ngrok tunnel established at: https://weldon-blousier-vance.ngrok-free.dev
[2025-10-15T08:33:35.966Z] [32minfo[39m: 🚀 Server running on port:500 and mod: development
[2025-10-15T08:33:37.471Z] [32minfo[39m: 🔗 Ngrok tunnel established at: https://weldon-blousier-vance.ngrok-free.dev
[2025-10-15T08:38:34.805Z] [32minfo[39m: 🚀 Server running on port:500 and mod: development
[2025-10-15T08:38:36.633Z] [32minfo[39m: 🔗 Ngrok tunnel established at: https://weldon-blousier-vance.ngrok-free.dev
[2025-10-15T08:38:41.598Z] [32minfo[39m: 🚀 Server running on port:500 and mod: development
[2025-10-15T08:38:42.946Z] [32minfo[39m: 🔗 Ngrok tunnel established at: https://weldon-blousier-vance.ngrok-free.dev
[2025-10-15T08:39:02.532Z] [32minfo[39m: 🚀 Server running on port:500 and mod: development
[2025-10-15T08:39:03.828Z] [32minfo[39m: 🔗 Ngrok tunnel established at: https://weldon-blousier-vance.ngrok-free.dev
[2025-10-15T08:39:09.351Z] [32minfo[39m: 🚀 Server running on port:500 and mod: development
[2025-10-15T08:39:10.738Z] [32minfo[39m: 🔗 Ngrok tunnel established at: https://weldon-blousier-vance.ngrok-free.dev
[2025-10-15T08:40:02.363Z] [32minfo[39m: 🚀 Server running on port:500 and mod: development
[2025-10-15T08:40:04.864Z] [32minfo[39m: 🔗 Ngrok tunnel established at: https://weldon-blousier-vance.ngrok-free.dev
[2025-10-15T08:42:08.899Z] [32minfo[39m: 🚀 Server running on port:500 and mod: development
[2025-10-15T08:42:10.509Z] [32minfo[39m: 🔗 Ngrok tunnel established at: https://weldon-blousier-vance.ngrok-free.dev
[2025-10-15T08:42:47.594Z] [32minfo[39m: 🚀 Server running on port:500 and mod: development
[2025-10-15T08:42:48.915Z] [32minfo[39m: 🔗 Ngrok tunnel established at: https://weldon-blousier-vance.ngrok-free.dev
[2025-10-15T08:42:54.409Z] [32minfo[39m: 🚀 Server running on port:500 and mod: development
[2025-10-15T08:42:55.765Z] [32minfo[39m: 🔗 Ngrok tunnel established at: https://weldon-blousier-vance.ngrok-free.dev
[2025-10-15T08:47:35.853Z] [32minfo[39m: 🚀 Server running on port:500 and mod: development
[2025-10-15T08:47:39.248Z] [32minfo[39m: 🚀 Server running on port:500 and mod: development
[2025-10-15T08:47:40.677Z] [32minfo[39m: 🔗 Ngrok tunnel established at: https://weldon-blousier-vance.ngrok-free.dev
[2025-10-15T08:47:46.672Z] [32minfo[39m: 🚀 Server running on port:500 and mod: development
[2025-10-15T08:47:48.037Z] [32minfo[39m: 🔗 Ngrok tunnel established at: https://weldon-blousier-vance.ngrok-free.dev
[2025-10-15T08:49:00.116Z] [32minfo[39m: 🚀 Server running on port:500 and mod: development
[2025-10-15T08:49:01.809Z] [32minfo[39m: 🔗 Ngrok tunnel established at: https://weldon-blousier-vance.ngrok-free.dev
[2025-10-15T08:49:41.280Z] [32minfo[39m: 🚀 Server running on port:500 and mod: development
[2025-10-15T08:49:42.731Z] [32minfo[39m: 🔗 Ngrok tunnel established at: https://weldon-blousier-vance.ngrok-free.dev
[2025-10-15T08:49:49.686Z] [32minfo[39m: 🚀 Server running on port:500 and mod: development
[2025-10-15T08:49:50.920Z] [32minfo[39m: 🔗 Ngrok tunnel established at: https://weldon-blousier-vance.ngrok-free.dev
[2025-10-15T08:50:06.605Z] [32minfo[39m: 🚀 Server running on port:500 and mod: development
[2025-10-15T08:50:08.212Z] [32minfo[39m: 🔗 Ngrok tunnel established at: https://weldon-blousier-vance.ngrok-free.dev
[2025-10-15T08:52:45.147Z] [32minfo[39m: 🚀 Server running on port:500 and mod: development
[2025-10-15T08:52:46.518Z] [32minfo[39m: 🔗 Ngrok tunnel established at: https://weldon-blousier-vance.ngrok-free.dev
[2025-10-15T08:52:49.982Z] [32minfo[39m: 🚀 Server running on port:500 and mod: development
[2025-10-15T08:52:51.443Z] [32minfo[39m: 🔗 Ngrok tunnel established at: https://weldon-blousier-vance.ngrok-free.dev
[2025-10-15T08:53:10.009Z] [32minfo[39m: 🚀 Server running on port:500 and mod: development
[2025-10-15T08:53:11.711Z] [32minfo[39m: 🔗 Ngrok tunnel established at: https://weldon-blousier-vance.ngrok-free.dev
[2025-10-15T08:53:52.917Z] [31merror[39m: Cannot read properties of undefined (reading 'service')
[2025-10-15T08:53:52.917Z] [31merror[39m: Cannot read properties of undefined (reading 'service')
[2025-10-15T08:55:06.088Z] [32minfo[39m: 🚀 Server running on port:500 and mod: development
[2025-10-15T08:55:07.849Z] [32minfo[39m: 🔗 Ngrok tunnel established at: https://weldon-blousier-vance.ngrok-free.dev
[2025-10-15T08:55:09.603Z] [32minfo[39m: 🚀 Server running on port:500 and mod: development
[2025-10-15T08:55:11.068Z] [32minfo[39m: 🔗 Ngrok tunnel established at: https://weldon-blousier-vance.ngrok-free.dev
[2025-10-15T08:55:18.518Z] [31merror[39m: Validation error during login: 
Invalid `this.client.findUnique()` invocation in
D:\projects\E-cafe\back-end\src\services\user.service.ts:10:32

   7 }
   8 async login({ email, password }: LoginUserDto) {
   9   try {
→ 10     return await this.client.findUnique({
           where: {
             email: "Shyam@example.com",
             password: "password123",
         ?   id?: Int,
         ?   AND?: UsersWhereInput | UsersWhereInput[],
         ?   OR?: UsersWhereInput[],
         ?   NOT?: UsersWhereInput | UsersWhereInput[],
         ?   name?: StringFilter | String,
         ?   phone?: StringNullableFilter | String | Null,
         ?   address?: StringFilter | String,
         ?   gender?: EnumGendersFilter | Genders,
         ?   type?: EnumUserTypesFilter | UserTypes,
         ?   OrderList?: OrderListListRelationFilter,
         ?   Orders?: OrdersListRelationFilter
           }
         })

Argument `where` of type UsersWhereUniqueInput needs at least one of `id` or `id` arguments. Available options are marked with ?.
[2025-10-15T08:55:18.520Z] [31merror[39m: Invalid data format for database operation.
[2025-10-15T08:55:18.520Z] [31merror[39m: Invalid data format for database operation.
[2025-10-15T08:56:27.974Z] [32minfo[39m: 🚀 Server running on port:500 and mod: development
[2025-10-15T08:56:30.984Z] [32minfo[39m: 🔗 Ngrok tunnel established at: https://weldon-blousier-vance.ngrok-free.dev
[2025-10-15T09:11:26.847Z] [32minfo[39m: 🚀 Server running on port:500 and mod: development
[2025-10-15T09:11:28.500Z] [32minfo[39m: 🔗 Ngrok tunnel established at: https://weldon-blousier-vance.ngrok-free.dev
[2025-10-15T09:11:40.950Z] [32minfo[39m: 🚀 Server running on port:500 and mod: development
[2025-10-15T09:11:42.326Z] [32minfo[39m: 🔗 Ngrok tunnel established at: https://weldon-blousier-vance.ngrok-free.dev
[2025-10-15T09:12:44.394Z] [32minfo[39m: 🚀 Server running on port:500 and mod: development
[2025-10-15T09:12:45.750Z] [32minfo[39m: 🔗 Ngrok tunnel established at: https://weldon-blousier-vance.ngrok-free.dev
[2025-10-15T09:43:37.153Z] [32minfo[39m: 🚀 Server running on port:500 and mod: development
[2025-10-15T09:43:38.810Z] [32minfo[39m: 🔗 Ngrok tunnel established at: https://weldon-blousier-vance.ngrok-free.dev
[2025-10-15T09:47:09.468Z] [32minfo[39m: 🚀 Server running on port:500 and mod: development
[2025-10-15T09:47:12.021Z] [32minfo[39m: 🔗 Ngrok tunnel established at: https://weldon-blousier-vance.ngrok-free.dev
[2025-10-15T09:47:17.601Z] [32minfo[39m: 🚀 Server running on port:500 and mod: development
[2025-10-15T09:47:18.979Z] [32minfo[39m: 🔗 Ngrok tunnel established at: https://weldon-blousier-vance.ngrok-free.dev
[2025-10-15T09:49:02.493Z] [32minfo[39m: 🚀 Server running on port:500 and mod: development
[2025-10-15T09:49:04.423Z] [32minfo[39m: 🔗 Ngrok tunnel established at: https://weldon-blousier-vance.ngrok-free.dev
[2025-10-15T09:49:26.978Z] [32minfo[39m: 🚀 Server running on port:500 and mod: development
[2025-10-15T09:49:28.328Z] [32minfo[39m: 🔗 Ngrok tunnel established at: https://weldon-blousier-vance.ngrok-free.dev
[2025-10-15T09:49:31.514Z] [32minfo[39m: 🚀 Server running on port:500 and mod: development
[2025-10-15T09:49:32.765Z] [32minfo[39m: 🔗 Ngrok tunnel established at: https://weldon-blousier-vance.ngrok-free.dev
[2025-10-15T09:49:44.585Z] [32minfo[39m: 🚀 Server running on port:500 and mod: development
[2025-10-15T09:49:46.138Z] [32minfo[39m: 🔗 Ngrok tunnel established at: https://weldon-blousier-vance.ngrok-free.dev
[2025-10-15T09:49:50.619Z] [32minfo[39m: 🚀 Server running on port:500 and mod: development
[2025-10-15T09:49:52.070Z] [32minfo[39m: 🔗 Ngrok tunnel established at: https://weldon-blousier-vance.ngrok-free.dev
[2025-10-15T09:50:47.968Z] [32minfo[39m: 🚀 Server running on port:500 and mod: development
[2025-10-15T09:50:50.594Z] [32minfo[39m: 🔗 Ngrok tunnel established at: https://weldon-blousier-vance.ngrok-free.dev
[2025-10-15T09:51:44.768Z] [32minfo[39m: 🚀 Server running on port:500 and mod: development
[2025-10-15T09:51:46.145Z] [32minfo[39m: 🔗 Ngrok tunnel established at: https://weldon-blousier-vance.ngrok-free.dev
[2025-10-15T09:52:05.399Z] [32minfo[39m: 🚀 Server running on port:500 and mod: development
[2025-10-15T09:52:07.233Z] [32minfo[39m: 🔗 Ngrok tunnel established at: https://weldon-blousier-vance.ngrok-free.dev
[2025-10-15T09:52:10.417Z] [32minfo[39m: 🚀 Server running on port:500 and mod: development
[2025-10-15T09:52:11.586Z] [32minfo[39m: 🔗 Ngrok tunnel established at: https://weldon-blousier-vance.ngrok-free.dev
[2025-10-15T09:52:20.060Z] [32minfo[39m: 🚀 Server running on port:500 and mod: development
[2025-10-15T09:52:21.465Z] [32minfo[39m: 🔗 Ngrok tunnel established at: https://weldon-blousier-vance.ngrok-free.dev
[2025-10-15T09:52:26.550Z] [32minfo[39m: 🚀 Server running on port:500 and mod: development
[2025-10-15T09:52:27.990Z] [32minfo[39m: 🔗 Ngrok tunnel established at: https://weldon-blousier-vance.ngrok-free.dev
[2025-10-15T09:52:32.311Z] [32minfo[39m: 🚀 Server running on port:500 and mod: development
[2025-10-15T09:52:33.926Z] [32minfo[39m: 🔗 Ngrok tunnel established at: https://weldon-blousier-vance.ngrok-free.dev
[2025-10-15T09:56:16.125Z] [32minfo[39m: 🚀 Server running on port:500 and mod: development
[2025-10-15T09:56:18.012Z] [32minfo[39m: 🚀 Server running on port:500 and mod: development
[2025-10-15T09:56:19.581Z] [32minfo[39m: 🔗 Ngrok tunnel established at: https://weldon-blousier-vance.ngrok-free.dev
[2025-10-15T09:56:21.323Z] [32minfo[39m: 🚀 Server running on port:500 and mod: development
[2025-10-15T09:56:22.783Z] [32minfo[39m: 🔗 Ngrok tunnel established at: https://weldon-blousier-vance.ngrok-free.dev
[2025-10-15T09:57:20.037Z] [32minfo[39m: 🚀 Server running on port:500 and mod: development
[2025-10-15T09:57:22.264Z] [32minfo[39m: 🚀 Server running on port:500 and mod: development
[2025-10-15T09:57:23.602Z] [32minfo[39m: 🔗 Ngrok tunnel established at: https://weldon-blousier-vance.ngrok-free.dev
[2025-10-15T09:57:29.073Z] [32minfo[39m: 🚀 Server running on port:500 and mod: development
[2025-10-15T09:57:30.420Z] [32minfo[39m: 🔗 Ngrok tunnel established at: https://weldon-blousier-vance.ngrok-free.dev
[2025-10-15T09:57:44.074Z] [32minfo[39m: 🚀 Server running on port:500 and mod: development
[2025-10-15T09:57:45.475Z] [32minfo[39m: 🔗 Ngrok tunnel established at: https://weldon-blousier-vance.ngrok-free.dev
[2025-10-15T09:58:16.174Z] [32minfo[39m: 🚀 Server running on port:500 and mod: development
[2025-10-15T09:58:17.655Z] [32minfo[39m: 🔗 Ngrok tunnel established at: https://weldon-blousier-vance.ngrok-free.dev
[2025-10-15T09:58:21.310Z] [32minfo[39m: 🚀 Server running on port:500 and mod: development
[2025-10-15T09:58:23.054Z] [32minfo[39m: 🔗 Ngrok tunnel established at: https://weldon-blousier-vance.ngrok-free.dev
[2025-10-15T09:58:47.827Z] [32minfo[39m: 🚀 Server running on port:500 and mod: development
[2025-10-15T09:58:49.472Z] [32minfo[39m: 🔗 Ngrok tunnel established at: https://weldon-blousier-vance.ngrok-free.dev
[2025-10-15T09:58:52.441Z] [32minfo[39m: 🚀 Server running on port:500 and mod: development
[2025-10-15T09:58:53.775Z] [32minfo[39m: 🔗 Ngrok tunnel established at: https://weldon-blousier-vance.ngrok-free.dev
[2025-10-15T09:59:20.183Z] [32minfo[39m: 🚀 Server running on port:500 and mod: development
[2025-10-15T09:59:22.039Z] [32minfo[39m: 🔗 Ngrok tunnel established at: https://weldon-blousier-vance.ngrok-free.dev
[2025-10-15T09:59:30.173Z] [32minfo[39m: 🚀 Server running on port:500 and mod: development
[2025-10-15T09:59:31.829Z] [32minfo[39m: 🔗 Ngrok tunnel established at: https://weldon-blousier-vance.ngrok-free.dev
[2025-10-15T10:00:06.324Z] [32minfo[39m: 🚀 Server running on port:500 and mod: development
[2025-10-15T10:00:08.119Z] [32minfo[39m: 🔗 Ngrok tunnel established at: https://weldon-blousier-vance.ngrok-free.dev
[2025-10-15T10:00:25.144Z] [32minfo[39m: 🚀 Server running on port:500 and mod: development
[2025-10-15T10:00:26.651Z] [32minfo[39m: 🔗 Ngrok tunnel established at: https://weldon-blousier-vance.ngrok-free.dev
