[2025-10-13T09:55:24.745Z] [31merror[39m: Cannot read properties of undefined (reading 'service')
[2025-10-13T11:41:53.416Z] [31merror[39m: Cannot read properties of undefined (reading 'service')
[2025-10-13T11:43:30.816Z] [31merror[39m: Cannot read properties of undefined (reading 'service')
[2025-10-13T11:45:47.690Z] [31merror[39m: Cannot read properties of undefined (reading 'service')
[2025-10-13T11:46:29.876Z] [31merror[39m: Cannot read properties of undefined (reading 'service')
[2025-10-13T11:47:21.124Z] [31merror[39m: Cannot read properties of undefined (reading 'service')
[2025-10-14T04:29:01.952Z] [31merror[39m: reponse is not defined
[2025-10-14T04:30:36.469Z] [31merror[39m: reponse is not defined
[2025-10-14T04:30:59.260Z] [31merror[39m: reponse is not defined
[2025-10-14T06:04:08.852Z] [31merror[39m: 
Invalid `this.client?.create()` invocation in
D:\projects\E-cafe\back-end\src\services\base.service.ts:28:31

  25 }
  26 
  27 async create(data: any) {
→ 28   return await this.client?.create({
       + data: UsersCreateInput | UsersUncheckedCreateInput
       })

Argument `data` is missing.
[2025-10-14T06:04:08.854Z] [31merror[39m: Failed to create record
[2025-10-14T06:12:01.802Z] [31merror[39m: [
  {
    "code": "invalid_type",
    "expected": "object",
    "received": "undefined",
    "path": [],
    "message": "Required"
  }
]
[2025-10-14T06:13:01.673Z] [31merror[39m: [
  {
    "code": "invalid_type",
    "expected": "object",
    "received": "undefined",
    "path": [],
    "message": "Required"
  }
]
[2025-10-14T06:14:38.678Z] [31merror[39m: [
  {
    "code": "invalid_type",
    "expected": "object",
    "received": "undefined",
    "path": [],
    "message": "Required"
  }
]
[2025-10-14T06:15:52.643Z] [31merror[39m: [
  {
    "code": "invalid_type",
    "expected": "object",
    "received": "undefined",
    "path": [],
    "message": "Required"
  }
]
[2025-10-14T06:16:56.383Z] [31merror[39m: [
  {
    "code": "invalid_type",
    "expected": "object",
    "received": "undefined",
    "path": [],
    "message": "Required"
  }
]
[2025-10-14T06:18:23.039Z] [31merror[39m: [
  {
    "code": "invalid_type",
    "expected": "object",
    "received": "undefined",
    "path": [],
    "message": "Required"
  }
]
[2025-10-14T06:43:34.126Z] [31merror[39m: [
  {
    "code": "invalid_type",
    "expected": "object",
    "received": "undefined",
    "path": [],
    "message": "Required"
  }
]
[2025-10-14T07:25:48.459Z] [31merror[39m: 
Invalid `this.client?.create()` invocation in
D:\projects\E-cafe\back-end\src\services\base.service.ts:28:31

  25 }
  26 
  27 async create(data: any) {
→ 28   return await this.client?.create({
         data: {
           order_list_id: 1,
           item_id: 1,
           quantity: 2,
           ~~~~~~~~
       ?   id?: Int,
       ?   createdAt?: DateTime,
       ?   updatedAt?: DateTime
         }
       })

Unknown argument `quantity`. Available options are marked with ?.
[2025-10-14T07:25:48.461Z] [31merror[39m: Failed to create record
[2025-10-14T07:30:21.401Z] [31merror[39m: 
Invalid `this.client?.create()` invocation in
D:\projects\E-cafe\back-end\src\services\base.service.ts:28:31

  25 }
  26 
  27 async create(data: any) {
→ 28   return await this.client?.create({
         data: {
           user_id: 1,
           order_list_id: 1,
           total_price: 500,
           status: "PENDING",
       +   order_id: String
         }
       })

Argument `order_id` is missing.
[2025-10-14T07:30:21.403Z] [31merror[39m: Failed to create record
[2025-10-14T07:31:56.075Z] [31merror[39m: 
Invalid `this.client?.create()` invocation in
D:\projects\E-cafe\back-end\src\services\base.service.ts:28:31

  25 }
  26 
  27 async create(data: any) {
→ 28   return await this.client?.create({
         data: {
           user_id: 1,
           order_list_id: 1,
           total_price: 500,
           status: "PENDING",
       +   order_id: String
         }
       })

Argument `order_id` is missing.
[2025-10-14T07:31:56.078Z] [31merror[39m: Failed to create record
[2025-10-14T07:46:00.646Z] [31merror[39m: 
Invalid `this.client?.create()` invocation in
D:\projects\E-cafe\back-end\src\services\base.service.ts:28:31

  25 }
  26 
  27 async create(data: any) {
→ 28   return await this.client?.create({
         data: {
           user_id: 1,
           order_list_id: 1,
           total_price: 500,
           status: "PENDING",
       +   order_id: String
         }
       })

Argument `order_id` is missing.
[2025-10-14T07:46:00.648Z] [31merror[39m: Failed to create record
[2025-10-14T07:48:49.583Z] [31merror[39m: 
Invalid `this.client?.create()` invocation in
D:\projects\E-cafe\back-end\src\services\base.service.ts:28:31

  25 }
  26 
  27 async create(data: any) {
→ 28   return await this.client?.create({
         data: {
           user_id: 1,
           order_list_id: 1,
           total_price: 500,
           status: "PENDING",
       +   order_id: String
         }
       })

Argument `order_id` is missing.
[2025-10-14T07:48:49.583Z] [31merror[39m: 
Invalid `this.client?.create()` invocation in
D:\projects\E-cafe\back-end\src\services\base.service.ts:28:31

  25 }
  26 
  27 async create(data: any) {
→ 28   return await this.client?.create({
         data: {
           user_id: 1,
           order_list_id: 1,
           total_price: 500,
           status: "PENDING",
       +   order_id: String
         }
       })

Argument `order_id` is missing.
[2025-10-14T07:53:21.838Z] [31merror[39m: 
Invalid `this.client?.create()` invocation in
D:\projects\E-cafe\back-end\src\services\base.service.ts:28:31

  25 }
  26 
  27 async create(data: any) {
→ 28   return await this.client?.create({
         data: {
           user_id: 1,
           order_list_id: 1,
           total_price: 500,
           status: "PENDING",
       +   order_id: String
         }
       })

Argument `order_id` is missing.
[2025-10-14T07:53:21.838Z] [31merror[39m: 
Invalid `this.client?.create()` invocation in
D:\projects\E-cafe\back-end\src\services\base.service.ts:28:31

  25 }
  26 
  27 async create(data: any) {
→ 28   return await this.client?.create({
         data: {
           user_id: 1,
           order_list_id: 1,
           total_price: 500,
           status: "PENDING",
       +   order_id: String
         }
       })

Argument `order_id` is missing.
[2025-10-14T07:53:46.020Z] [31merror[39m: 
Invalid `this.client?.create()` invocation in
D:\projects\E-cafe\back-end\src\services\base.service.ts:28:31

  25 }
  26 
  27 async create(data: any) {
→ 28   return await this.client?.create({
         data: {
           user_id: 1,
           order_list_id: 1,
           total_price: 500,
           status: "PENDING",
       +   order_id: String
         }
       })

Argument `order_id` is missing.
[2025-10-14T07:53:46.020Z] [31merror[39m: 
Invalid `this.client?.create()` invocation in
D:\projects\E-cafe\back-end\src\services\base.service.ts:28:31

  25 }
  26 
  27 async create(data: any) {
→ 28   return await this.client?.create({
         data: {
           user_id: 1,
           order_list_id: 1,
           total_price: 500,
           status: "PENDING",
       +   order_id: String
         }
       })

Argument `order_id` is missing.
[2025-10-14T08:05:59.014Z] [31merror[39m: 
Invalid `this.client?.create()` invocation in
D:\projects\E-cafe\back-end\src\services\base.service.ts:28:31

  25 }
  26 
  27 async create(data: any) {
→ 28   return await this.client?.create({
         data: {
           user_id: 1,
           order_list_id: 1,
           total_price: 500,
           status: "PENDING",
       +   order_id: String
         }
       })

Argument `order_id` is missing.
[2025-10-14T08:05:59.014Z] [31merror[39m: 
Invalid `this.client?.create()` invocation in
D:\projects\E-cafe\back-end\src\services\base.service.ts:28:31

  25 }
  26 
  27 async create(data: any) {
→ 28   return await this.client?.create({
         data: {
           user_id: 1,
           order_list_id: 1,
           total_price: 500,
           status: "PENDING",
       +   order_id: String
         }
       })

Argument `order_id` is missing.
[2025-10-14T08:08:23.962Z] [31merror[39m: 
Invalid `this.client?.create()` invocation in
D:\projects\E-cafe\back-end\src\services\base.service.ts:29:33

  26 
  27 async create(data: any) {
  28   try {
→ 29     return await this.client?.create({
           data: {
             user_id: 1,
             order_list_id: 1,
             total_price: 500,
             status: "PENDING",
         +   order_id: String
           }
         })

Argument `order_id` is missing.
[2025-10-14T08:08:23.962Z] [31merror[39m: 
Invalid `this.client?.create()` invocation in
D:\projects\E-cafe\back-end\src\services\base.service.ts:29:33

  26 
  27 async create(data: any) {
  28   try {
→ 29     return await this.client?.create({
           data: {
             user_id: 1,
             order_list_id: 1,
             total_price: 500,
             status: "PENDING",
         +   order_id: String
           }
         })

Argument `order_id` is missing.
[2025-10-14T08:10:17.754Z] [31merror[39m: 
Invalid `this.client?.create()` invocation in
D:\projects\E-cafe\back-end\src\services\base.service.ts:29:33

  26 
  27 async create(data: any) {
  28   try {
→ 29     return await this.client?.create({
           data: {
             user_id: 1,
             order_list_id: 1,
             total_price: 500,
             status: "PENDING",
         +   order_id: String
           }
         })

Argument `order_id` is missing.
[2025-10-14T08:10:17.754Z] [31merror[39m: 
Invalid `this.client?.create()` invocation in
D:\projects\E-cafe\back-end\src\services\base.service.ts:29:33

  26 
  27 async create(data: any) {
  28   try {
→ 29     return await this.client?.create({
           data: {
             user_id: 1,
             order_list_id: 1,
             total_price: 500,
             status: "PENDING",
         +   order_id: String
           }
         })

Argument `order_id` is missing.
[2025-10-14T10:14:54.677Z] [31merror[39m: 
Invalid `this.client?.create()` invocation in
D:\projects\E-cafe\back-end\src\services\base.service.ts:28:31

  25 }
  26 
  27 async create(data: any) {
→ 28   return await this.client?.create({
         data: {
           user_id: 1,
           order_list_id: 1,
           total_price: 500,
           status: "PENDING",
       +   order_id: String
         }
       })

Argument `order_id` is missing.
[2025-10-14T10:14:54.677Z] [31merror[39m: 
Invalid `this.client?.create()` invocation in
D:\projects\E-cafe\back-end\src\services\base.service.ts:28:31

  25 }
  26 
  27 async create(data: any) {
→ 28   return await this.client?.create({
         data: {
           user_id: 1,
           order_list_id: 1,
           total_price: 500,
           status: "PENDING",
       +   order_id: String
         }
       })

Argument `order_id` is missing.
[2025-10-14T10:18:24.652Z] [31merror[39m: Validation error during create: 
Invalid `this.client?.create()` invocation in
D:\projects\E-cafe\back-end\src\services\base.service.ts:85:33

  82 
  83 async create(data: any) {
  84   try {
→ 85     return await this.client?.create({
           data: {
             user_id: 1,
             order_list_id: 1,
             total_price: 500,
             status: "PENDING",
         +   order_id: String
           }
         })

Argument `order_id` is missing.
[2025-10-14T10:18:24.654Z] [31merror[39m: Invalid data format for database operation.
[2025-10-14T10:18:24.654Z] [31merror[39m: Invalid data format for database operation.
[2025-10-14T10:24:15.066Z] [31merror[39m: Validation error during create: 
Invalid `this.client?.create()` invocation in
D:\projects\E-cafe\back-end\src\services\base.service.ts:85:33

  82 
  83 async create(data: any) {
  84   try {
→ 85     return await this.client?.create({
           data: {
             user_id: 1,
             order_list_id: 1,
             total_price: 500,
             status: "PENDING",
         +   order_id: String
           }
         })

Argument `order_id` is missing.
[2025-10-14T10:24:15.068Z] [31merror[39m: Invalid data format for database operation.
[2025-10-14T10:24:15.068Z] [31merror[39m: Invalid data format for database operation.
[2025-10-14T10:32:18.160Z] [31merror[39m: [
  {
    "code": "invalid_union",
    "unionErrors": [
      {
        "issues": [
          {
            "code": "invalid_type",
            "expected": "string",
            "received": "undefined",
            "path": [
              "order_id"
            ],
            "message": "Required"
          }
        ],
        "name": "ZodError"
      },
      {
        "issues": [
          {
            "code": "invalid_type",
            "expected": "string",
            "received": "undefined",
            "path": [
              "order_id"
            ],
            "message": "Required"
          }
        ],
        "name": "ZodError"
      }
    ],
    "path": [
      "order_id"
    ],
    "message": "Invalid input"
  },
  {
    "received": "PENDING",
    "code": "invalid_enum_value",
    "options": [
      "PANDING",
      "ORDER PLACED",
      "PROCESSING",
      "DELIVARED"
    ],
    "path": [
      "status"
    ],
    "message": "Invalid enum value. Expected 'PANDING' | 'ORDER PLACED' | 'PROCESSING' | 'DELIVARED', received 'PENDING'"
  }
]
[2025-10-14T10:33:17.214Z] [31merror[39m: [
  {
    "code": "invalid_union",
    "unionErrors": [
      {
        "issues": [
          {
            "code": "invalid_type",
            "expected": "string",
            "received": "undefined",
            "path": [
              "order_id"
            ],
            "message": "Required"
          }
        ],
        "name": "ZodError"
      },
      {
        "issues": [
          {
            "code": "invalid_type",
            "expected": "string",
            "received": "undefined",
            "path": [
              "order_id"
            ],
            "message": "Required"
          }
        ],
        "name": "ZodError"
      }
    ],
    "path": [
      "order_id"
    ],
    "message": "Invalid input"
  }
]
[2025-10-14T10:34:03.006Z] [31merror[39m: Validation error during create: 
Invalid `this.client?.create()` invocation in
D:\projects\E-cafe\back-end\src\services\base.service.ts:85:33

  82 
  83 async create(data: any) {
  84   try {
→ 85     return await this.client?.create({
           data: {
             order_id: "ord-11500",
             order_list_id: 1,
             user_id: 1,
             status: "PANDING",
         +   total_price: Int
           }
         })

Argument `total_price` is missing.
[2025-10-14T10:34:03.009Z] [31merror[39m: Invalid data format for database operation.
[2025-10-14T10:34:03.009Z] [31merror[39m: Invalid data format for database operation.
[2025-10-14T10:34:14.063Z] [31merror[39m: Validation error during create: 
Invalid `this.client?.create()` invocation in
D:\projects\E-cafe\back-end\src\services\base.service.ts:85:33

  82 
  83 async create(data: any) {
  84   try {
→ 85     return await this.client?.create({
           data: {
             order_id: "ord-11501",
             order_list_id: 1,
             user_id: 1,
             status: "PANDING",
         +   total_price: Int
           }
         })

Argument `total_price` is missing.
[2025-10-14T10:34:14.065Z] [31merror[39m: Invalid data format for database operation.
[2025-10-14T10:34:14.065Z] [31merror[39m: Invalid data format for database operation.
[2025-10-14T10:35:12.862Z] [31merror[39m: Validation error during create: 
Invalid `this.client?.create()` invocation in
D:\projects\E-cafe\back-end\src\services\base.service.ts:85:33

  82 
  83 async create(data: any) {
  84   try {
→ 85     return await this.client?.create({
           data: {
             order_id: "ord-11501",
             order_list_id: 1,
             user_id: 1,
             status: "PANDING",
         +   total_price: Int
           }
         })

Argument `total_price` is missing.
[2025-10-14T10:35:12.864Z] [31merror[39m: Invalid data format for database operation.
[2025-10-14T10:35:12.864Z] [31merror[39m: Invalid data format for database operation.
[2025-10-14T10:35:34.046Z] [31merror[39m: Validation error during create: 
Invalid `this.client?.create()` invocation in
D:\projects\E-cafe\back-end\src\services\base.service.ts:85:33

  82 
  83 async create(data: any) {
  84   try {
→ 85     return await this.client?.create({
           data: {
             order_id: "ord-11501",
             order_list_id: 1,
             user_id: 1,
             status: "PANDING",
         +   total_price: Int
           }
         })

Argument `total_price` is missing.
[2025-10-14T10:35:34.048Z] [31merror[39m: Invalid data format for database operation.
[2025-10-14T10:35:34.048Z] [31merror[39m: Invalid data format for database operation.
[2025-10-14T10:36:39.865Z] [31merror[39m: Validation error during create: 
Invalid `this.client?.create()` invocation in
D:\projects\E-cafe\back-end\src\services\base.service.ts:86:33

  83 async create(data: any) {
  84   console.log("first",data)
  85   try {
→ 86     return await this.client?.create({
           data: {
             order_id: "ord-11501",
             order_list_id: 1,
             user_id: 1,
             status: "PANDING",
         +   total_price: Int
           }
         })

Argument `total_price` is missing.
[2025-10-14T10:36:39.866Z] [31merror[39m: Invalid data format for database operation.
[2025-10-14T10:36:39.866Z] [31merror[39m: Invalid data format for database operation.
[2025-10-14T10:38:56.682Z] [31merror[39m: [
  {
    "received": "PANDING",
    "code": "invalid_enum_value",
    "options": [
      "PENDING",
      "ORDER PLACED",
      "PROCESSING",
      "DELIVARED"
    ],
    "path": [
      "status"
    ],
    "message": "Invalid enum value. Expected 'PENDING' | 'ORDER PLACED' | 'PROCESSING' | 'DELIVARED', received 'PANDING'"
  },
  {
    "code": "invalid_type",
    "expected": "number",
    "received": "undefined",
    "path": [
      "totla_price"
    ],
    "message": "Required"
  }
]
[2025-10-14T10:39:44.508Z] [31merror[39m: [
  {
    "received": "PANDING",
    "code": "invalid_enum_value",
    "options": [
      "PENDING",
      "ORDER PLACED",
      "PROCESSING",
      "DELIVARED"
    ],
    "path": [
      "status"
    ],
    "message": "Invalid enum value. Expected 'PENDING' | 'ORDER PLACED' | 'PROCESSING' | 'DELIVARED', received 'PANDING'"
  }
]
[2025-10-14T14:42:23.233Z] [31merror[39m: Validation error during findAll: 
Invalid `this.client?.findMany()` invocation in
D:\projects\E-cafe\back-end\src\services\base.service.ts:69:33

  66 
  67 async findAll(where = {}, include = this.include) {
  68   try {
→ 69     return await this.client?.findMany({
           where: {},
           include: {
             user: true,
             order_list: {
               ListItems: true
               ~~~~~~~~~
             }
           }
         })

Unknown argument `ListItems`.
[2025-10-14T14:42:23.234Z] [31merror[39m: Invalid data format for database operation.
[2025-10-14T14:42:23.234Z] [31merror[39m: Invalid data format for database operation.
[2025-10-14T14:43:42.119Z] [31merror[39m: Validation error during findAll: 
Invalid `this.client?.findMany()` invocation in
D:\projects\E-cafe\back-end\src\services\base.service.ts:69:33

  66 
  67 async findAll(where = {}, include = this.include) {
  68   try {
→ 69     return await this.client?.findMany({
           where: {},
           include: {
             user: true,
             order_list: {
               ListItems: true
               ~~~~~~~~~
             }
           }
         })

Unknown argument `ListItems`.
[2025-10-14T14:43:42.120Z] [31merror[39m: Invalid data format for database operation.
[2025-10-14T14:43:42.120Z] [31merror[39m: Invalid data format for database operation.
[2025-10-15T05:35:10.795Z] [31merror[39m: Database initialization error: 
Invalid `this.client?.create()` invocation in
D:\projects\E-cafe\back-end\src\services\base.service.ts:88:33

  85 
  86 async create<T>(data: T) {
  87   try {
→ 88     return await this.client?.create(
Can't reach database server at `localhost:5432`

Please make sure your database server is running at `localhost:5432`.
[2025-10-15T05:35:10.797Z] [31merror[39m: Database connection failed.
[2025-10-15T05:35:10.797Z] [31merror[39m: Database connection failed.
[2025-10-15T08:53:52.917Z] [31merror[39m: Cannot read properties of undefined (reading 'service')
[2025-10-15T08:53:52.917Z] [31merror[39m: Cannot read properties of undefined (reading 'service')
[2025-10-15T08:55:18.518Z] [31merror[39m: Validation error during login: 
Invalid `this.client.findUnique()` invocation in
D:\projects\E-cafe\back-end\src\services\user.service.ts:10:32

   7 }
   8 async login({ email, password }: LoginUserDto) {
   9   try {
→ 10     return await this.client.findUnique({
           where: {
             email: "Shyam@example.com",
             password: "password123",
         ?   id?: Int,
         ?   AND?: UsersWhereInput | UsersWhereInput[],
         ?   OR?: UsersWhereInput[],
         ?   NOT?: UsersWhereInput | UsersWhereInput[],
         ?   name?: StringFilter | String,
         ?   phone?: StringNullableFilter | String | Null,
         ?   address?: StringFilter | String,
         ?   gender?: EnumGendersFilter | Genders,
         ?   type?: EnumUserTypesFilter | UserTypes,
         ?   OrderList?: OrderListListRelationFilter,
         ?   Orders?: OrdersListRelationFilter
           }
         })

Argument `where` of type UsersWhereUniqueInput needs at least one of `id` or `id` arguments. Available options are marked with ?.
[2025-10-15T08:55:18.520Z] [31merror[39m: Invalid data format for database operation.
[2025-10-15T08:55:18.520Z] [31merror[39m: Invalid data format for database operation.
